TRACK_TIME 1544835151.683
TRACK ASU123 A320 332106 845129 130 60 28 ZTL ATL01
    FP_ROUTE KTPA./.QUBIT.I10.RW10.<>.KATL
